-------------------------------------------------------------------------------
Test set: edu.eci.pdsw.tests.BlogServicesTest
-------------------------------------------------------------------------------
Tests run: 1, Failures: 1, Errors: 0, Skipped: 0, Time elapsed: 1.478 sec <<< FAILURE!
pruebaCeroTest(edu.eci.pdsw.tests.BlogServicesTest)  Time elapsed: 0.793 sec  <<< FAILURE!
java.lang.AssertionError: Property falsified after 1 example(s) 
Smallest found falsifying value(s) :-
[User { login: user22, name: !!!!!!!!!!, lastName: !!!!!!!!!! }]
Cause was :-
org.apache.ibatis.exceptions.PersistenceException: Load all persistence error
	at edu.eci.pdsw.persistence.mybatisimpl.MyBatisUserDAO.save(MyBatisUserDAO.java:35)
	at edu.eci.pdsw.services.impl.BlogServicesImpl.createUser(BlogServicesImpl.java:31)
	at edu.eci.pdsw.tests.BlogServicesTest.lambda$pruebaCeroTest$0(BlogServicesTest.java:96)
	at org.quicktheories.impl.Property.tryFalsification(Property.java:23)
	at org.quicktheories.impl.Core.shrink(Core.java:111)
	at org.quicktheories.impl.Core.run(Core.java:39)
	at org.quicktheories.impl.TheoryRunner.check(TheoryRunner.java:35)
	at org.quicktheories.dsl.TheoryBuilder.check(TheoryBuilder.java:132)
	at edu.eci.pdsw.tests.BlogServicesTest.pruebaCeroTest(BlogServicesTest.java:91)
	at sun.reflect.NativeMethodAccessorImpl.invoke0(Native Method)
	at sun.reflect.NativeMethodAccessorImpl.invoke(NativeMethodAccessorImpl.java:62)
	at sun.reflect.DelegatingMethodAccessorImpl.invoke(DelegatingMethodAccessorImpl.java:43)
	at java.lang.reflect.Method.invoke(Method.java:498)
	at org.junit.runners.model.FrameworkMethod$1.runReflectiveCall(FrameworkMethod.java:50)
	at org.junit.internal.runners.model.ReflectiveCallable.run(ReflectiveCallable.java:12)
	at org.junit.runners.model.FrameworkMethod.invokeExplosively(FrameworkMethod.java:47)
	at org.junit.internal.runners.statements.InvokeMethod.evaluate(InvokeMethod.java:17)
	at org.junit.internal.runners.statements.RunBefores.evaluate(RunBefores.java:26)
	at org.junit.internal.runners.statements.RunAfters.evaluate(RunAfters.java:27)
	at org.junit.runners.ParentRunner.runLeaf(ParentRunner.java:325)
	at org.junit.runners.BlockJUnit4ClassRunner.runChild(BlockJUnit4ClassRunner.java:78)
	at org.junit.runners.BlockJUnit4ClassRunner.runChild(BlockJUnit4ClassRunner.java:57)
	at org.junit.runners.ParentRunner$3.run(ParentRunner.java:290)
	at org.junit.runners.ParentRunner$1.schedule(ParentRunner.java:71)
	at org.junit.runners.ParentRunner.runChildren(ParentRunner.java:288)
	at org.junit.runners.ParentRunner.access$000(ParentRunner.java:58)
	at org.junit.runners.ParentRunner$2.evaluate(ParentRunner.java:268)
	at org.junit.runners.ParentRunner.run(ParentRunner.java:363)
	at org.apache.maven.surefire.junit4.JUnit4Provider.execute(JUnit4Provider.java:252)
	at org.apache.maven.surefire.junit4.JUnit4Provider.executeTestSet(JUnit4Provider.java:141)
	at org.apache.maven.surefire.junit4.JUnit4Provider.invoke(JUnit4Provider.java:112)
	at sun.reflect.NativeMethodAccessorImpl.invoke0(Native Method)
	at sun.reflect.NativeMethodAccessorImpl.invoke(NativeMethodAccessorImpl.java:62)
	at sun.reflect.DelegatingMethodAccessorImpl.invoke(DelegatingMethodAccessorImpl.java:43)
	at java.lang.reflect.Method.invoke(Method.java:498)
	at org.apache.maven.surefire.util.ReflectionUtils.invokeMethodWithArray(ReflectionUtils.java:189)
	at org.apache.maven.surefire.booter.ProviderFactory$ProviderProxy.invoke(ProviderFactory.java:165)
	at org.apache.maven.surefire.booter.ProviderFactory.invokeProvider(ProviderFactory.java:85)
	at org.apache.maven.surefire.booter.ForkedBooter.runSuitesInProcess(ForkedBooter.java:115)
	at org.apache.maven.surefire.booter.ForkedBooter.main(ForkedBooter.java:75)

Other found falsifying value(s) :- 
[User { login: user21, name: !!!!!!!!!!, lastName: !!!!!!!!!!!!! }]
[User { login: user15, name: !!!!!!!!!!, lastName: !!!!!!!!!!!!!!!!!!!!!!!!!!!!(&5'! }]
[User { login: user13, name: !!!!!!!!!!, lastName: !!!!!!!!!!!!!!!!!!!!!!!!!!!!(&5'8 }]
[User { login: user12, name: !!!!!!!!!!, lastName: !!!!!!!!!!!!!!!!!!!!!!!!!!!!=&5'8 }]
[User { login: user7, name: !!!!!!!!!!, lastName: !!!!!!!!!!!!!!!!!!!!!!!!!!!!={5'8 }]
[User { login: user5, name: !!!!!!!!!!, lastName: !!!!!!!!!!!!!!!!!!!!!!!!!!!!={5E8 }]
 
Seed was 42427552466486
	at org.quicktheories.core.ExceptionReporter.falsify(ExceptionReporter.java:43)
	at org.quicktheories.core.ExceptionReporter.falisification(ExceptionReporter.java:37)
	at org.quicktheories.impl.TheoryRunner.reportFalsification(TheoryRunner.java:48)
	at org.quicktheories.impl.TheoryRunner.check(TheoryRunner.java:37)
	at org.quicktheories.dsl.TheoryBuilder.check(TheoryBuilder.java:132)
	at edu.eci.pdsw.tests.BlogServicesTest.pruebaCeroTest(BlogServicesTest.java:91)
	at sun.reflect.NativeMethodAccessorImpl.invoke0(Native Method)
	at sun.reflect.NativeMethodAccessorImpl.invoke(NativeMethodAccessorImpl.java:62)
	at sun.reflect.DelegatingMethodAccessorImpl.invoke(DelegatingMethodAccessorImpl.java:43)
	at java.lang.reflect.Method.invoke(Method.java:498)
	at org.junit.runners.model.FrameworkMethod$1.runReflectiveCall(FrameworkMethod.java:50)
	at org.junit.internal.runners.model.ReflectiveCallable.run(ReflectiveCallable.java:12)
	at org.junit.runners.model.FrameworkMethod.invokeExplosively(FrameworkMethod.java:47)
	at org.junit.internal.runners.statements.InvokeMethod.evaluate(InvokeMethod.java:17)
	at org.junit.internal.runners.statements.RunBefores.evaluate(RunBefores.java:26)
	at org.junit.internal.runners.statements.RunAfters.evaluate(RunAfters.java:27)
	at org.junit.runners.ParentRunner.runLeaf(ParentRunner.java:325)
	at org.junit.runners.BlockJUnit4ClassRunner.runChild(BlockJUnit4ClassRunner.java:78)
	at org.junit.runners.BlockJUnit4ClassRunner.runChild(BlockJUnit4ClassRunner.java:57)
	at org.junit.runners.ParentRunner$3.run(ParentRunner.java:290)
	at org.junit.runners.ParentRunner$1.schedule(ParentRunner.java:71)
	at org.junit.runners.ParentRunner.runChildren(ParentRunner.java:288)
	at org.junit.runners.ParentRunner.access$000(ParentRunner.java:58)
	at org.junit.runners.ParentRunner$2.evaluate(ParentRunner.java:268)
	at org.junit.runners.ParentRunner.run(ParentRunner.java:363)
	at org.apache.maven.surefire.junit4.JUnit4Provider.execute(JUnit4Provider.java:252)
	at org.apache.maven.surefire.junit4.JUnit4Provider.executeTestSet(JUnit4Provider.java:141)
	at org.apache.maven.surefire.junit4.JUnit4Provider.invoke(JUnit4Provider.java:112)
	at sun.reflect.NativeMethodAccessorImpl.invoke0(Native Method)
	at sun.reflect.NativeMethodAccessorImpl.invoke(NativeMethodAccessorImpl.java:62)
	at sun.reflect.DelegatingMethodAccessorImpl.invoke(DelegatingMethodAccessorImpl.java:43)
	at java.lang.reflect.Method.invoke(Method.java:498)
	at org.apache.maven.surefire.util.ReflectionUtils.invokeMethodWithArray(ReflectionUtils.java:189)
	at org.apache.maven.surefire.booter.ProviderFactory$ProviderProxy.invoke(ProviderFactory.java:165)
	at org.apache.maven.surefire.booter.ProviderFactory.invokeProvider(ProviderFactory.java:85)
	at org.apache.maven.surefire.booter.ForkedBooter.runSuitesInProcess(ForkedBooter.java:115)
	at org.apache.maven.surefire.booter.ForkedBooter.main(ForkedBooter.java:75)

